<?xml version="1.0" encoding="UTF-8" ?>
<testsuite tests="4" failures="4" name="logica.GestionAlumnosTest" time="0.002" errors="0" skipped="0">
  <properties>
[...]
</properties>
  <testcase classname="logica.GestionAlumnosTest" name="logica.GestionAlumnosTest.testAlumnoNotaMasAlta" time="0.002">
    <failure message="Cannot invoke &quot;logica.GestionAlumnos.alumnoNotaMasAlta()&quot; because &quot;logica.GestionAlumnosTest.gestionAlumnos&quot; is null" type="java.lang.NullPointerException">java.lang.NullPointerException: Cannot invoke &quot;logica.GestionAlumnos.alumnoNotaMasAlta()&quot; because &quot;logica.GestionAlumnosTest.gestionAlumnos&quot; is null
	at logica.GestionAlumnosTest.testAlumnoNotaMasAlta(GestionAlumnosTest.java:40)
</failure>
  </testcase>
  <testcase classname="logica.GestionAlumnosTest" name="logica.GestionAlumnosTest.testNotaMedia" time="0">
    <failure message="Cannot invoke &quot;logica.GestionAlumnos.notaMedia(String)&quot; because &quot;logica.GestionAlumnosTest.gestionAlumnos&quot; is null" type="java.lang.NullPointerException">java.lang.NullPointerException: Cannot invoke &quot;logica.GestionAlumnos.notaMedia(String)&quot; because &quot;logica.GestionAlumnosTest.gestionAlumnos&quot; is null
	at logica.GestionAlumnosTest.testNotaMedia(GestionAlumnosTest.java:27)
</failure>
  </testcase>
  <testcase classname="logica.GestionAlumnosTest" name="logica.GestionAlumnosTest.testNombreCursos" time="0">
    <failure message="Cannot invoke &quot;logica.GestionAlumnos.nombreCursos()&quot; because &quot;logica.GestionAlumnosTest.gestionAlumnos&quot; is null" type="java.lang.NullPointerException">java.lang.NullPointerException: Cannot invoke &quot;logica.GestionAlumnos.nombreCursos()&quot; because &quot;logica.GestionAlumnosTest.gestionAlumnos&quot; is null
	at logica.GestionAlumnosTest.testNombreCursos(GestionAlumnosTest.java:45)
</failure>
  </testcase>
  <testcase classname="logica.GestionAlumnosTest" name="logica.GestionAlumnosTest.testAlumnosCurso" time="0">
    <failure message="Cannot invoke &quot;logica.GestionAlumnos.alumnosCurso(String)&quot; because &quot;logica.GestionAlumnosTest.gestionAlumnos&quot; is null" type="java.lang.NullPointerException">java.lang.NullPointerException: Cannot invoke &quot;logica.GestionAlumnos.alumnosCurso(String)&quot; because &quot;logica.GestionAlumnosTest.gestionAlumnos&quot; is null
	at logica.GestionAlumnosTest.testAlumnosCurso(GestionAlumnosTest.java:33)
</failure>
  </testcase>
</testsuite>